<?xml version="1.0" encoding="UTF-8" standalone="no"?>
<!DOCTYPE log SYSTEM "logger.dtd">
<log>
<record>
  <date>2018-04-14T05:00:34.241441Z</date>
  <millis>1523682034241</millis>
  <nanos>441000</nanos>
  <sequence>0</sequence>
  <logger>de.fapse.kassensimulator.model</logger>
  <level>SEVERE</level>
  <class>de.fapse.kassensimulator.model.SimModel</class>
  <method>getHsstellen</method>
  <thread>14</thread>
  <message>Scheibenkleister</message>
</record>
<record>
  <date>2018-04-14T05:00:34.315562Z</date>
  <millis>1523682034315</millis>
  <nanos>562000</nanos>
  <sequence>1</sequence>
  <level>SEVERE</level>
  <class>de.fapse.kassensimulator.model.SimModel</class>
  <method>getHsstellen</method>
  <thread>14</thread>
  <message>Test</message>
</record>
</log>
